<?xml version="1.0" encoding="UTF-8"?>
<!-- Generated by org.testng.reporters.JUnitReportReporter -->
<testsuite hostname="LAPTOP-9TBFB3KL" failures="0" tests="5" name="TestScript.ElectronicsTest" time="20.064" errors="0" timestamp="2024-04-30T15:58:41 IST" skipped="0">
  <testcase classname="TestScript.ElectronicsTest" name="addToCart" time="1.543"/>
  <testcase classname="TestScript.ElectronicsTest" name="Checkout" time="2.431"/>
  <testcase classname="TestScript.ElectronicsTest" name="Payment" time="2.488"/>
  <testcase classname="TestScript.ElectronicsTest" name="Login" time="1.541"/>
  <testcase classname="TestScript.ElectronicsTest" name="register" time="12.061"/>
</testsuite> <!-- TestScript.ElectronicsTest -->
