<?xml version="1.0" encoding="UTF-8"?>
<!-- Generated by org.testng.reporters.JUnitReportReporter -->
<testsuite hostname="LAPTOP-9TBFB3KL" failures="0" tests="1" name="TestScript.RegisterTest" time="32.153" errors="0" timestamp="2024-04-30T15:58:41 IST" skipped="0">
  <testcase classname="TestScript.RegisterTest" name="registerPage_001" time="32.153"/>
</testsuite> <!-- TestScript.RegisterTest -->
